<?xml version="1.0" encoding="UTF-8"?>
<testng-results ignored="0" total="1" passed="1" failed="0" skipped="0">
  <reporter-output>
  </reporter-output>
  <suite started-at="2022-01-29T17:24:06 IST" name="Default suite" finished-at="2022-01-29T17:24:07 IST" duration-ms="1357">
    <groups>
    </groups>
    <test started-at="2022-01-29T17:24:06 IST" name="Default test" finished-at="2022-01-29T17:24:07 IST" duration-ms="1357">
      <class name="com.qa.hubspot.tests.LoginTest">
        <test-method signature="loginTest()[pri:0, instance:com.qa.hubspot.tests.LoginTest@54bff557]" started-at="2022-01-29T17:24:06 IST" name="loginTest" finished-at="2022-01-29T17:24:07 IST" duration-ms="1298" status="PASS">
          <reporter-output>
          </reporter-output>
        </test-method> <!-- loginTest -->
      </class> <!-- com.qa.hubspot.tests.LoginTest -->
    </test> <!-- Default test -->
  </suite> <!-- Default suite -->
</testng-results>
